<?xml version="1.0" encoding="UTF-8"?>
<testsuite xmlns:xsi="http://www.w3.org/2001/XMLSchema-instance" xsi:noNamespaceSchemaLocation="https://maven.apache.org/surefire/maven-surefire-plugin/xsd/surefire-test-report.xsd" name="com.example.demo.DemoApplicationTests" time="15.363" tests="1" errors="0" skipped="0" failures="0">
  <properties>
    <property name="sun.desktop" value="windows"/>
    <property name="awt.toolkit" value="sun.awt.windows.WToolkit"/>
    <property name="java.specification.version" value="11"/>
    <property name="sun.cpu.isalist" value="amd64"/>
    <property name="sun.jnu.encoding" value="GBK"/>
    <property name="java.class.path" value="F:\java\test\target\test-classes;F:\java\test\target\classes;E:\Maven\resp\org\springframework\boot\spring-boot-starter-web\2.4.5\spring-boot-starter-web-2.4.5.jar;E:\Maven\resp\org\springframework\boot\spring-boot-starter\2.4.5\spring-boot-starter-2.4.5.jar;E:\Maven\resp\org\springframework\boot\spring-boot\2.4.5\spring-boot-2.4.5.jar;E:\Maven\resp\org\springframework\boot\spring-boot-starter-logging\2.4.5\spring-boot-starter-logging-2.4.5.jar;E:\Maven\resp\ch\qos\logback\logback-classic\1.2.3\logback-classic-1.2.3.jar;E:\Maven\resp\ch\qos\logback\logback-core\1.2.3\logback-core-1.2.3.jar;E:\Maven\resp\org\apache\logging\log4j\log4j-to-slf4j\2.13.3\log4j-to-slf4j-2.13.3.jar;E:\Maven\resp\org\apache\logging\log4j\log4j-api\2.13.3\log4j-api-2.13.3.jar;E:\Maven\resp\org\slf4j\jul-to-slf4j\1.7.30\jul-to-slf4j-1.7.30.jar;E:\Maven\resp\jakarta\annotation\jakarta.annotation-api\1.3.5\jakarta.annotation-api-1.3.5.jar;E:\Maven\resp\org\yaml\snakeyaml\1.27\snakeyaml-1.27.jar;E:\Maven\resp\org\springframework\boot\spring-boot-starter-json\2.4.5\spring-boot-starter-json-2.4.5.jar;E:\Maven\resp\com\fasterxml\jackson\datatype\jackson-datatype-jdk8\2.11.4\jackson-datatype-jdk8-2.11.4.jar;E:\Maven\resp\com\fasterxml\jackson\datatype\jackson-datatype-jsr310\2.11.4\jackson-datatype-jsr310-2.11.4.jar;E:\Maven\resp\com\fasterxml\jackson\module\jackson-module-parameter-names\2.11.4\jackson-module-parameter-names-2.11.4.jar;E:\Maven\resp\org\springframework\boot\spring-boot-starter-tomcat\2.4.5\spring-boot-starter-tomcat-2.4.5.jar;E:\Maven\resp\org\apache\tomcat\embed\tomcat-embed-core\9.0.45\tomcat-embed-core-9.0.45.jar;E:\Maven\resp\org\glassfish\jakarta.el\3.0.3\jakarta.el-3.0.3.jar;E:\Maven\resp\org\apache\tomcat\embed\tomcat-embed-websocket\9.0.45\tomcat-embed-websocket-9.0.45.jar;E:\Maven\resp\org\springframework\spring-web\5.3.6\spring-web-5.3.6.jar;E:\Maven\resp\org\springframework\spring-beans\5.3.6\spring-beans-5.3.6.jar;E:\Maven\resp\org\springframework\spring-webmvc\5.3.6\spring-webmvc-5.3.6.jar;E:\Maven\resp\org\springframework\spring-context\5.3.6\spring-context-5.3.6.jar;E:\Maven\resp\org\springframework\spring-expression\5.3.6\spring-expression-5.3.6.jar;E:\Maven\resp\io\springfox\springfox-swagger2\2.7.0\springfox-swagger2-2.7.0.jar;E:\Maven\resp\io\swagger\swagger-annotations\1.5.13\swagger-annotations-1.5.13.jar;E:\Maven\resp\io\swagger\swagger-models\1.5.13\swagger-models-1.5.13.jar;E:\Maven\resp\io\springfox\springfox-spi\2.7.0\springfox-spi-2.7.0.jar;E:\Maven\resp\io\springfox\springfox-core\2.7.0\springfox-core-2.7.0.jar;E:\Maven\resp\io\springfox\springfox-schema\2.7.0\springfox-schema-2.7.0.jar;E:\Maven\resp\io\springfox\springfox-swagger-common\2.7.0\springfox-swagger-common-2.7.0.jar;E:\Maven\resp\io\springfox\springfox-spring-web\2.7.0\springfox-spring-web-2.7.0.jar;E:\Maven\resp\org\reflections\reflections\0.9.11\reflections-0.9.11.jar;E:\Maven\resp\org\javassist\javassist\3.21.0-GA\javassist-3.21.0-GA.jar;E:\Maven\resp\com\google\guava\guava\18.0\guava-18.0.jar;E:\Maven\resp\com\fasterxml\classmate\1.5.1\classmate-1.5.1.jar;E:\Maven\resp\org\slf4j\slf4j-api\1.7.30\slf4j-api-1.7.30.jar;E:\Maven\resp\org\springframework\plugin\spring-plugin-core\1.2.0.RELEASE\spring-plugin-core-1.2.0.RELEASE.jar;E:\Maven\resp\org\springframework\plugin\spring-plugin-metadata\1.2.0.RELEASE\spring-plugin-metadata-1.2.0.RELEASE.jar;E:\Maven\resp\org\mapstruct\mapstruct\1.1.0.Final\mapstruct-1.1.0.Final.jar;E:\Maven\resp\p6spy\p6spy\3.9.1\p6spy-3.9.1.jar;E:\Maven\resp\cn\afterturn\easypoi-base\3.0.3\easypoi-base-3.0.3.jar;E:\Maven\resp\org\apache\commons\commons-lang3\3.11\commons-lang3-3.11.jar;E:\Maven\resp\javax\validation\validation-api\2.0.1.Final\validation-api-2.0.1.Final.jar;E:\Maven\resp\cn\afterturn\easypoi-web\3.0.3\easypoi-web-3.0.3.jar;E:\Maven\resp\org\springframework\spring-core\5.3.6\spring-core-5.3.6.jar;E:\Maven\resp\org\springframework\spring-jcl\5.3.6\spring-jcl-5.3.6.jar;E:\Maven\resp\cn\afterturn\easypoi-annotation\3.0.3\easypoi-annotation-3.0.3.jar;E:\Maven\resp\io\jsonwebtoken\jjwt\0.9.0\jjwt-0.9.0.jar;E:\Maven\resp\com\auth0\java-jwt\3.4.0\java-jwt-3.4.0.jar;E:\Maven\resp\commons-codec\commons-codec\1.15\commons-codec-1.15.jar;E:\Maven\resp\cn\hutool\hutool-all\5.7.2\hutool-all-5.7.2.jar;E:\Maven\resp\cn\hutool\hutool-jwt\5.7.14\hutool-jwt-5.7.14.jar;E:\Maven\resp\cn\hutool\hutool-json\5.7.14\hutool-json-5.7.14.jar;E:\Maven\resp\cn\hutool\hutool-core\5.7.14\hutool-core-5.7.14.jar;E:\Maven\resp\cn\hutool\hutool-crypto\5.7.14\hutool-crypto-5.7.14.jar;E:\Maven\resp\org\springframework\boot\spring-boot-starter-aop\2.4.5\spring-boot-starter-aop-2.4.5.jar;E:\Maven\resp\org\springframework\spring-aop\5.3.6\spring-aop-5.3.6.jar;E:\Maven\resp\org\aspectj\aspectjweaver\1.9.6\aspectjweaver-1.9.6.jar;E:\Maven\resp\com\oracle\database\jdbc\ojdbc8\19.8.0.0\ojdbc8-19.8.0.0.jar;E:\Maven\resp\com\microsoft\sqlserver\mssql-jdbc\8.4.1.jre8\mssql-jdbc-8.4.1.jre8.jar;E:\Maven\resp\org\postgresql\postgresql\42.2.18\postgresql-42.2.18.jar;E:\Maven\resp\org\checkerframework\checker-qual\3.5.0\checker-qual-3.5.0.jar;E:\Maven\resp\io\springfox\springfox-swagger-ui\2.7.0\springfox-swagger-ui-2.7.0.jar;E:\Maven\resp\com\alibaba\druid-spring-boot-starter\1.2.6\druid-spring-boot-starter-1.2.6.jar;E:\Maven\resp\com\alibaba\druid\1.2.6\druid-1.2.6.jar;E:\Maven\resp\org\springframework\boot\spring-boot-autoconfigure\2.4.5\spring-boot-autoconfigure-2.4.5.jar;E:\Maven\resp\org\springframework\boot\spring-boot-starter-jdbc\2.4.5\spring-boot-starter-jdbc-2.4.5.jar;E:\Maven\resp\com\zaxxer\HikariCP\3.4.5\HikariCP-3.4.5.jar;E:\Maven\resp\org\springframework\spring-jdbc\5.3.6\spring-jdbc-5.3.6.jar;E:\Maven\resp\org\springframework\spring-tx\5.3.6\spring-tx-5.3.6.jar;E:\Maven\resp\mysql\mysql-connector-java\8.0.23\mysql-connector-java-8.0.23.jar;E:\Maven\resp\com\baomidou\dynamic-datasource-spring-boot-starter\3.3.5\dynamic-datasource-spring-boot-starter-3.3.5.jar;E:\Maven\resp\org\projectlombok\lombok\1.18.20\lombok-1.18.20.jar;E:\Maven\resp\com\baomidou\mybatis-plus-boot-starter\3.4.2\mybatis-plus-boot-starter-3.4.2.jar;E:\Maven\resp\com\baomidou\mybatis-plus\3.4.2\mybatis-plus-3.4.2.jar;E:\Maven\resp\com\baomidou\mybatis-plus-generator\3.3.2\mybatis-plus-generator-3.3.2.jar;E:\Maven\resp\com\baomidou\mybatis-plus-extension\3.3.2\mybatis-plus-extension-3.3.2.jar;E:\Maven\resp\com\baomidou\mybatis-plus-core\3.3.2\mybatis-plus-core-3.3.2.jar;E:\Maven\resp\com\baomidou\mybatis-plus-annotation\3.3.2\mybatis-plus-annotation-3.3.2.jar;E:\Maven\resp\com\github\jsqlparser\jsqlparser\3.1\jsqlparser-3.1.jar;E:\Maven\resp\org\mybatis\mybatis\3.5.4\mybatis-3.5.4.jar;E:\Maven\resp\org\mybatis\mybatis-spring\2.0.4\mybatis-spring-2.0.4.jar;E:\Maven\resp\org\apache\velocity\velocity-engine-core\2.0\velocity-engine-core-2.0.jar;E:\Maven\resp\org\apache\poi\poi\3.14\poi-3.14.jar;E:\Maven\resp\org\apache\poi\poi-ooxml-schemas\3.14\poi-ooxml-schemas-3.14.jar;E:\Maven\resp\org\apache\xmlbeans\xmlbeans\2.6.0\xmlbeans-2.6.0.jar;E:\Maven\resp\stax\stax-api\1.0.1\stax-api-1.0.1.jar;E:\Maven\resp\org\apache\poi\poi-scratchpad\3.17\poi-scratchpad-3.17.jar;E:\Maven\resp\org\springframework\boot\spring-boot-configuration-processor\2.4.5\spring-boot-configuration-processor-2.4.5.jar;E:\Maven\resp\io\minio\minio\3.0.10\minio-3.0.10.jar;E:\Maven\resp\com\google\http-client\google-http-client-xml\1.20.0\google-http-client-xml-1.20.0.jar;E:\Maven\resp\com\google\http-client\google-http-client\1.20.0\google-http-client-1.20.0.jar;E:\Maven\resp\org\apache\httpcomponents\httpclient\4.5.13\httpclient-4.5.13.jar;E:\Maven\resp\org\apache\httpcomponents\httpcore\4.4.14\httpcore-4.4.14.jar;E:\Maven\resp\xpp3\xpp3\1.1.4c\xpp3-1.1.4c.jar;E:\Maven\resp\com\squareup\okhttp3\okhttp\3.14.9\okhttp-3.14.9.jar;E:\Maven\resp\com\squareup\okio\okio\1.12.0\okio-1.12.0.jar;E:\Maven\resp\joda-time\joda-time\2.7\joda-time-2.7.jar;E:\Maven\resp\com\fasterxml\jackson\core\jackson-annotations\2.11.4\jackson-annotations-2.11.4.jar;E:\Maven\resp\com\fasterxml\jackson\core\jackson-core\2.11.4\jackson-core-2.11.4.jar;E:\Maven\resp\com\google\code\findbugs\annotations\3.0.1\annotations-3.0.1.jar;E:\Maven\resp\net\jcip\jcip-annotations\1.0\jcip-annotations-1.0.jar;E:\Maven\resp\com\google\code\findbugs\jsr305\3.0.1\jsr305-3.0.1.jar;E:\Maven\resp\org\springframework\boot\spring-boot-starter-data-redis\2.4.5\spring-boot-starter-data-redis-2.4.5.jar;E:\Maven\resp\org\springframework\data\spring-data-redis\2.4.8\spring-data-redis-2.4.8.jar;E:\Maven\resp\org\springframework\data\spring-data-keyvalue\2.4.8\spring-data-keyvalue-2.4.8.jar;E:\Maven\resp\org\springframework\data\spring-data-commons\2.4.8\spring-data-commons-2.4.8.jar;E:\Maven\resp\org\springframework\spring-oxm\5.3.6\spring-oxm-5.3.6.jar;E:\Maven\resp\org\springframework\spring-context-support\5.3.6\spring-context-support-5.3.6.jar;E:\Maven\resp\io\lettuce\lettuce-core\6.0.4.RELEASE\lettuce-core-6.0.4.RELEASE.jar;E:\Maven\resp\io\netty\netty-common\4.1.63.Final\netty-common-4.1.63.Final.jar;E:\Maven\resp\io\netty\netty-handler\4.1.63.Final\netty-handler-4.1.63.Final.jar;E:\Maven\resp\io\netty\netty-resolver\4.1.63.Final\netty-resolver-4.1.63.Final.jar;E:\Maven\resp\io\netty\netty-buffer\4.1.63.Final\netty-buffer-4.1.63.Final.jar;E:\Maven\resp\io\netty\netty-codec\4.1.63.Final\netty-codec-4.1.63.Final.jar;E:\Maven\resp\io\netty\netty-transport\4.1.63.Final\netty-transport-4.1.63.Final.jar;E:\Maven\resp\io\projectreactor\reactor-core\3.4.5\reactor-core-3.4.5.jar;E:\Maven\resp\org\reactivestreams\reactive-streams\1.0.3\reactive-streams-1.0.3.jar;E:\Maven\resp\org\springframework\session\spring-session-data-redis\2.4.3\spring-session-data-redis-2.4.3.jar;E:\Maven\resp\org\springframework\session\spring-session-core\2.4.3\spring-session-core-2.4.3.jar;E:\Maven\resp\org\apache\commons\commons-pool2\2.9.0\commons-pool2-2.9.0.jar;E:\Maven\resp\com\alibaba\fastjson\1.2.3\fastjson-1.2.3.jar;E:\Maven\resp\org\apache\poi\poi-ooxml\3.14\poi-ooxml-3.14.jar;E:\Maven\resp\com\github\virtuald\curvesapi\1.03\curvesapi-1.03.jar;E:\Maven\resp\com\fasterxml\jackson\core\jackson-databind\2.11.4\jackson-databind-2.11.4.jar;E:\Maven\resp\org\springframework\boot\spring-boot-starter-amqp\2.4.5\spring-boot-starter-amqp-2.4.5.jar;E:\Maven\resp\org\springframework\spring-messaging\5.3.6\spring-messaging-5.3.6.jar;E:\Maven\resp\org\springframework\amqp\spring-rabbit\2.3.6\spring-rabbit-2.3.6.jar;E:\Maven\resp\org\springframework\amqp\spring-amqp\2.3.6\spring-amqp-2.3.6.jar;E:\Maven\resp\org\springframework\retry\spring-retry\1.3.1\spring-retry-1.3.1.jar;E:\Maven\resp\javax\annotation\javax.annotation-api\1.3.2\javax.annotation-api-1.3.2.jar;E:\Maven\resp\com\rabbitmq\amqp-client\5.10.0\amqp-client-5.10.0.jar;E:\Maven\resp\org\springframework\boot\spring-boot-starter-test\2.4.5\spring-boot-starter-test-2.4.5.jar;E:\Maven\resp\org\springframework\boot\spring-boot-test\2.4.5\spring-boot-test-2.4.5.jar;E:\Maven\resp\org\springframework\boot\spring-boot-test-autoconfigure\2.4.5\spring-boot-test-autoconfigure-2.4.5.jar;E:\Maven\resp\com\jayway\jsonpath\json-path\2.4.0\json-path-2.4.0.jar;E:\Maven\resp\net\minidev\json-smart\2.3\json-smart-2.3.jar;E:\Maven\resp\net\minidev\accessors-smart\1.2\accessors-smart-1.2.jar;E:\Maven\resp\org\ow2\asm\asm\5.0.4\asm-5.0.4.jar;E:\Maven\resp\org\assertj\assertj-core\3.18.1\assertj-core-3.18.1.jar;E:\Maven\resp\org\hamcrest\hamcrest\2.2\hamcrest-2.2.jar;E:\Maven\resp\org\junit\jupiter\junit-jupiter\5.7.1\junit-jupiter-5.7.1.jar;E:\Maven\resp\org\junit\jupiter\junit-jupiter-api\5.7.1\junit-jupiter-api-5.7.1.jar;E:\Maven\resp\org\apiguardian\apiguardian-api\1.1.0\apiguardian-api-1.1.0.jar;E:\Maven\resp\org\opentest4j\opentest4j\1.2.0\opentest4j-1.2.0.jar;E:\Maven\resp\org\junit\platform\junit-platform-commons\1.7.1\junit-platform-commons-1.7.1.jar;E:\Maven\resp\org\junit\jupiter\junit-jupiter-params\5.7.1\junit-jupiter-params-5.7.1.jar;E:\Maven\resp\org\junit\jupiter\junit-jupiter-engine\5.7.1\junit-jupiter-engine-5.7.1.jar;E:\Maven\resp\org\junit\platform\junit-platform-engine\1.7.1\junit-platform-engine-1.7.1.jar;E:\Maven\resp\org\mockito\mockito-core\3.6.28\mockito-core-3.6.28.jar;E:\Maven\resp\net\bytebuddy\byte-buddy\1.10.22\byte-buddy-1.10.22.jar;E:\Maven\resp\net\bytebuddy\byte-buddy-agent\1.10.22\byte-buddy-agent-1.10.22.jar;E:\Maven\resp\org\objenesis\objenesis\3.1\objenesis-3.1.jar;E:\Maven\resp\org\mockito\mockito-junit-jupiter\3.6.28\mockito-junit-jupiter-3.6.28.jar;E:\Maven\resp\org\skyscreamer\jsonassert\1.5.0\jsonassert-1.5.0.jar;E:\Maven\resp\com\vaadin\external\google\android-json\0.0.20131108.vaadin1\android-json-0.0.20131108.vaadin1.jar;E:\Maven\resp\org\springframework\spring-test\5.3.6\spring-test-5.3.6.jar;E:\Maven\resp\org\xmlunit\xmlunit-core\2.7.0\xmlunit-core-2.7.0.jar;E:\Maven\resp\jakarta\xml\bind\jakarta.xml.bind-api\2.3.3\jakarta.xml.bind-api-2.3.3.jar;E:\Maven\resp\jakarta\activation\jakarta.activation-api\1.2.2\jakarta.activation-api-1.2.2.jar;"/>
    <property name="java.vm.vendor" value="AdoptOpenJDK"/>
    <property name="sun.arch.data.model" value="64"/>
    <property name="user.variant" value=""/>
    <property name="java.vendor.url" value="https://adoptopenjdk.net/"/>
    <property name="user.timezone" value="Asia/Shanghai"/>
    <property name="java.vm.specification.version" value="11"/>
    <property name="os.name" value="Windows 10"/>
    <property name="sun.java.launcher" value="SUN_STANDARD"/>
    <property name="user.country" value="CN"/>
    <property name="sun.boot.library.path" value="E:\Program Files\AdoptOpenJDK\jdk-11.0.9.101-hotspot\bin"/>
    <property name="sun.java.command" value="C:\Users\zhouwei\AppData\Local\Temp\surefire3660470391888849407\surefirebooter2624248791627233654.jar C:\Users\zhouwei\AppData\Local\Temp\surefire3660470391888849407 2022-02-23T13-39-23_295-jvmRun1 surefire11680249422474026487tmp surefire_07208777824052800188tmp"/>
    <property name="jdk.debug" value="release"/>
    <property name="surefire.test.class.path" value="F:\java\test\target\test-classes;F:\java\test\target\classes;E:\Maven\resp\org\springframework\boot\spring-boot-starter-web\2.4.5\spring-boot-starter-web-2.4.5.jar;E:\Maven\resp\org\springframework\boot\spring-boot-starter\2.4.5\spring-boot-starter-2.4.5.jar;E:\Maven\resp\org\springframework\boot\spring-boot\2.4.5\spring-boot-2.4.5.jar;E:\Maven\resp\org\springframework\boot\spring-boot-starter-logging\2.4.5\spring-boot-starter-logging-2.4.5.jar;E:\Maven\resp\ch\qos\logback\logback-classic\1.2.3\logback-classic-1.2.3.jar;E:\Maven\resp\ch\qos\logback\logback-core\1.2.3\logback-core-1.2.3.jar;E:\Maven\resp\org\apache\logging\log4j\log4j-to-slf4j\2.13.3\log4j-to-slf4j-2.13.3.jar;E:\Maven\resp\org\apache\logging\log4j\log4j-api\2.13.3\log4j-api-2.13.3.jar;E:\Maven\resp\org\slf4j\jul-to-slf4j\1.7.30\jul-to-slf4j-1.7.30.jar;E:\Maven\resp\jakarta\annotation\jakarta.annotation-api\1.3.5\jakarta.annotation-api-1.3.5.jar;E:\Maven\resp\org\yaml\snakeyaml\1.27\snakeyaml-1.27.jar;E:\Maven\resp\org\springframework\boot\spring-boot-starter-json\2.4.5\spring-boot-starter-json-2.4.5.jar;E:\Maven\resp\com\fasterxml\jackson\datatype\jackson-datatype-jdk8\2.11.4\jackson-datatype-jdk8-2.11.4.jar;E:\Maven\resp\com\fasterxml\jackson\datatype\jackson-datatype-jsr310\2.11.4\jackson-datatype-jsr310-2.11.4.jar;E:\Maven\resp\com\fasterxml\jackson\module\jackson-module-parameter-names\2.11.4\jackson-module-parameter-names-2.11.4.jar;E:\Maven\resp\org\springframework\boot\spring-boot-starter-tomcat\2.4.5\spring-boot-starter-tomcat-2.4.5.jar;E:\Maven\resp\org\apache\tomcat\embed\tomcat-embed-core\9.0.45\tomcat-embed-core-9.0.45.jar;E:\Maven\resp\org\glassfish\jakarta.el\3.0.3\jakarta.el-3.0.3.jar;E:\Maven\resp\org\apache\tomcat\embed\tomcat-embed-websocket\9.0.45\tomcat-embed-websocket-9.0.45.jar;E:\Maven\resp\org\springframework\spring-web\5.3.6\spring-web-5.3.6.jar;E:\Maven\resp\org\springframework\spring-beans\5.3.6\spring-beans-5.3.6.jar;E:\Maven\resp\org\springframework\spring-webmvc\5.3.6\spring-webmvc-5.3.6.jar;E:\Maven\resp\org\springframework\spring-context\5.3.6\spring-context-5.3.6.jar;E:\Maven\resp\org\springframework\spring-expression\5.3.6\spring-expression-5.3.6.jar;E:\Maven\resp\io\springfox\springfox-swagger2\2.7.0\springfox-swagger2-2.7.0.jar;E:\Maven\resp\io\swagger\swagger-annotations\1.5.13\swagger-annotations-1.5.13.jar;E:\Maven\resp\io\swagger\swagger-models\1.5.13\swagger-models-1.5.13.jar;E:\Maven\resp\io\springfox\springfox-spi\2.7.0\springfox-spi-2.7.0.jar;E:\Maven\resp\io\springfox\springfox-core\2.7.0\springfox-core-2.7.0.jar;E:\Maven\resp\io\springfox\springfox-schema\2.7.0\springfox-schema-2.7.0.jar;E:\Maven\resp\io\springfox\springfox-swagger-common\2.7.0\springfox-swagger-common-2.7.0.jar;E:\Maven\resp\io\springfox\springfox-spring-web\2.7.0\springfox-spring-web-2.7.0.jar;E:\Maven\resp\org\reflections\reflections\0.9.11\reflections-0.9.11.jar;E:\Maven\resp\org\javassist\javassist\3.21.0-GA\javassist-3.21.0-GA.jar;E:\Maven\resp\com\google\guava\guava\18.0\guava-18.0.jar;E:\Maven\resp\com\fasterxml\classmate\1.5.1\classmate-1.5.1.jar;E:\Maven\resp\org\slf4j\slf4j-api\1.7.30\slf4j-api-1.7.30.jar;E:\Maven\resp\org\springframework\plugin\spring-plugin-core\1.2.0.RELEASE\spring-plugin-core-1.2.0.RELEASE.jar;E:\Maven\resp\org\springframework\plugin\spring-plugin-metadata\1.2.0.RELEASE\spring-plugin-metadata-1.2.0.RELEASE.jar;E:\Maven\resp\org\mapstruct\mapstruct\1.1.0.Final\mapstruct-1.1.0.Final.jar;E:\Maven\resp\p6spy\p6spy\3.9.1\p6spy-3.9.1.jar;E:\Maven\resp\cn\afterturn\easypoi-base\3.0.3\easypoi-base-3.0.3.jar;E:\Maven\resp\org\apache\commons\commons-lang3\3.11\commons-lang3-3.11.jar;E:\Maven\resp\javax\validation\validation-api\2.0.1.Final\validation-api-2.0.1.Final.jar;E:\Maven\resp\cn\afterturn\easypoi-web\3.0.3\easypoi-web-3.0.3.jar;E:\Maven\resp\org\springframework\spring-core\5.3.6\spring-core-5.3.6.jar;E:\Maven\resp\org\springframework\spring-jcl\5.3.6\spring-jcl-5.3.6.jar;E:\Maven\resp\cn\afterturn\easypoi-annotation\3.0.3\easypoi-annotation-3.0.3.jar;E:\Maven\resp\io\jsonwebtoken\jjwt\0.9.0\jjwt-0.9.0.jar;E:\Maven\resp\com\auth0\java-jwt\3.4.0\java-jwt-3.4.0.jar;E:\Maven\resp\commons-codec\commons-codec\1.15\commons-codec-1.15.jar;E:\Maven\resp\cn\hutool\hutool-all\5.7.2\hutool-all-5.7.2.jar;E:\Maven\resp\cn\hutool\hutool-jwt\5.7.14\hutool-jwt-5.7.14.jar;E:\Maven\resp\cn\hutool\hutool-json\5.7.14\hutool-json-5.7.14.jar;E:\Maven\resp\cn\hutool\hutool-core\5.7.14\hutool-core-5.7.14.jar;E:\Maven\resp\cn\hutool\hutool-crypto\5.7.14\hutool-crypto-5.7.14.jar;E:\Maven\resp\org\springframework\boot\spring-boot-starter-aop\2.4.5\spring-boot-starter-aop-2.4.5.jar;E:\Maven\resp\org\springframework\spring-aop\5.3.6\spring-aop-5.3.6.jar;E:\Maven\resp\org\aspectj\aspectjweaver\1.9.6\aspectjweaver-1.9.6.jar;E:\Maven\resp\com\oracle\database\jdbc\ojdbc8\19.8.0.0\ojdbc8-19.8.0.0.jar;E:\Maven\resp\com\microsoft\sqlserver\mssql-jdbc\8.4.1.jre8\mssql-jdbc-8.4.1.jre8.jar;E:\Maven\resp\org\postgresql\postgresql\42.2.18\postgresql-42.2.18.jar;E:\Maven\resp\org\checkerframework\checker-qual\3.5.0\checker-qual-3.5.0.jar;E:\Maven\resp\io\springfox\springfox-swagger-ui\2.7.0\springfox-swagger-ui-2.7.0.jar;E:\Maven\resp\com\alibaba\druid-spring-boot-starter\1.2.6\druid-spring-boot-starter-1.2.6.jar;E:\Maven\resp\com\alibaba\druid\1.2.6\druid-1.2.6.jar;E:\Maven\resp\org\springframework\boot\spring-boot-autoconfigure\2.4.5\spring-boot-autoconfigure-2.4.5.jar;E:\Maven\resp\org\springframework\boot\spring-boot-starter-jdbc\2.4.5\spring-boot-starter-jdbc-2.4.5.jar;E:\Maven\resp\com\zaxxer\HikariCP\3.4.5\HikariCP-3.4.5.jar;E:\Maven\resp\org\springframework\spring-jdbc\5.3.6\spring-jdbc-5.3.6.jar;E:\Maven\resp\org\springframework\spring-tx\5.3.6\spring-tx-5.3.6.jar;E:\Maven\resp\mysql\mysql-connector-java\8.0.23\mysql-connector-java-8.0.23.jar;E:\Maven\resp\com\baomidou\dynamic-datasource-spring-boot-starter\3.3.5\dynamic-datasource-spring-boot-starter-3.3.5.jar;E:\Maven\resp\org\projectlombok\lombok\1.18.20\lombok-1.18.20.jar;E:\Maven\resp\com\baomidou\mybatis-plus-boot-starter\3.4.2\mybatis-plus-boot-starter-3.4.2.jar;E:\Maven\resp\com\baomidou\mybatis-plus\3.4.2\mybatis-plus-3.4.2.jar;E:\Maven\resp\com\baomidou\mybatis-plus-generator\3.3.2\mybatis-plus-generator-3.3.2.jar;E:\Maven\resp\com\baomidou\mybatis-plus-extension\3.3.2\mybatis-plus-extension-3.3.2.jar;E:\Maven\resp\com\baomidou\mybatis-plus-core\3.3.2\mybatis-plus-core-3.3.2.jar;E:\Maven\resp\com\baomidou\mybatis-plus-annotation\3.3.2\mybatis-plus-annotation-3.3.2.jar;E:\Maven\resp\com\github\jsqlparser\jsqlparser\3.1\jsqlparser-3.1.jar;E:\Maven\resp\org\mybatis\mybatis\3.5.4\mybatis-3.5.4.jar;E:\Maven\resp\org\mybatis\mybatis-spring\2.0.4\mybatis-spring-2.0.4.jar;E:\Maven\resp\org\apache\velocity\velocity-engine-core\2.0\velocity-engine-core-2.0.jar;E:\Maven\resp\org\apache\poi\poi\3.14\poi-3.14.jar;E:\Maven\resp\org\apache\poi\poi-ooxml-schemas\3.14\poi-ooxml-schemas-3.14.jar;E:\Maven\resp\org\apache\xmlbeans\xmlbeans\2.6.0\xmlbeans-2.6.0.jar;E:\Maven\resp\stax\stax-api\1.0.1\stax-api-1.0.1.jar;E:\Maven\resp\org\apache\poi\poi-scratchpad\3.17\poi-scratchpad-3.17.jar;E:\Maven\resp\org\springframework\boot\spring-boot-configuration-processor\2.4.5\spring-boot-configuration-processor-2.4.5.jar;E:\Maven\resp\io\minio\minio\3.0.10\minio-3.0.10.jar;E:\Maven\resp\com\google\http-client\google-http-client-xml\1.20.0\google-http-client-xml-1.20.0.jar;E:\Maven\resp\com\google\http-client\google-http-client\1.20.0\google-http-client-1.20.0.jar;E:\Maven\resp\org\apache\httpcomponents\httpclient\4.5.13\httpclient-4.5.13.jar;E:\Maven\resp\org\apache\httpcomponents\httpcore\4.4.14\httpcore-4.4.14.jar;E:\Maven\resp\xpp3\xpp3\1.1.4c\xpp3-1.1.4c.jar;E:\Maven\resp\com\squareup\okhttp3\okhttp\3.14.9\okhttp-3.14.9.jar;E:\Maven\resp\com\squareup\okio\okio\1.12.0\okio-1.12.0.jar;E:\Maven\resp\joda-time\joda-time\2.7\joda-time-2.7.jar;E:\Maven\resp\com\fasterxml\jackson\core\jackson-annotations\2.11.4\jackson-annotations-2.11.4.jar;E:\Maven\resp\com\fasterxml\jackson\core\jackson-core\2.11.4\jackson-core-2.11.4.jar;E:\Maven\resp\com\google\code\findbugs\annotations\3.0.1\annotations-3.0.1.jar;E:\Maven\resp\net\jcip\jcip-annotations\1.0\jcip-annotations-1.0.jar;E:\Maven\resp\com\google\code\findbugs\jsr305\3.0.1\jsr305-3.0.1.jar;E:\Maven\resp\org\springframework\boot\spring-boot-starter-data-redis\2.4.5\spring-boot-starter-data-redis-2.4.5.jar;E:\Maven\resp\org\springframework\data\spring-data-redis\2.4.8\spring-data-redis-2.4.8.jar;E:\Maven\resp\org\springframework\data\spring-data-keyvalue\2.4.8\spring-data-keyvalue-2.4.8.jar;E:\Maven\resp\org\springframework\data\spring-data-commons\2.4.8\spring-data-commons-2.4.8.jar;E:\Maven\resp\org\springframework\spring-oxm\5.3.6\spring-oxm-5.3.6.jar;E:\Maven\resp\org\springframework\spring-context-support\5.3.6\spring-context-support-5.3.6.jar;E:\Maven\resp\io\lettuce\lettuce-core\6.0.4.RELEASE\lettuce-core-6.0.4.RELEASE.jar;E:\Maven\resp\io\netty\netty-common\4.1.63.Final\netty-common-4.1.63.Final.jar;E:\Maven\resp\io\netty\netty-handler\4.1.63.Final\netty-handler-4.1.63.Final.jar;E:\Maven\resp\io\netty\netty-resolver\4.1.63.Final\netty-resolver-4.1.63.Final.jar;E:\Maven\resp\io\netty\netty-buffer\4.1.63.Final\netty-buffer-4.1.63.Final.jar;E:\Maven\resp\io\netty\netty-codec\4.1.63.Final\netty-codec-4.1.63.Final.jar;E:\Maven\resp\io\netty\netty-transport\4.1.63.Final\netty-transport-4.1.63.Final.jar;E:\Maven\resp\io\projectreactor\reactor-core\3.4.5\reactor-core-3.4.5.jar;E:\Maven\resp\org\reactivestreams\reactive-streams\1.0.3\reactive-streams-1.0.3.jar;E:\Maven\resp\org\springframework\session\spring-session-data-redis\2.4.3\spring-session-data-redis-2.4.3.jar;E:\Maven\resp\org\springframework\session\spring-session-core\2.4.3\spring-session-core-2.4.3.jar;E:\Maven\resp\org\apache\commons\commons-pool2\2.9.0\commons-pool2-2.9.0.jar;E:\Maven\resp\com\alibaba\fastjson\1.2.3\fastjson-1.2.3.jar;E:\Maven\resp\org\apache\poi\poi-ooxml\3.14\poi-ooxml-3.14.jar;E:\Maven\resp\com\github\virtuald\curvesapi\1.03\curvesapi-1.03.jar;E:\Maven\resp\com\fasterxml\jackson\core\jackson-databind\2.11.4\jackson-databind-2.11.4.jar;E:\Maven\resp\org\springframework\boot\spring-boot-starter-amqp\2.4.5\spring-boot-starter-amqp-2.4.5.jar;E:\Maven\resp\org\springframework\spring-messaging\5.3.6\spring-messaging-5.3.6.jar;E:\Maven\resp\org\springframework\amqp\spring-rabbit\2.3.6\spring-rabbit-2.3.6.jar;E:\Maven\resp\org\springframework\amqp\spring-amqp\2.3.6\spring-amqp-2.3.6.jar;E:\Maven\resp\org\springframework\retry\spring-retry\1.3.1\spring-retry-1.3.1.jar;E:\Maven\resp\javax\annotation\javax.annotation-api\1.3.2\javax.annotation-api-1.3.2.jar;E:\Maven\resp\com\rabbitmq\amqp-client\5.10.0\amqp-client-5.10.0.jar;E:\Maven\resp\org\springframework\boot\spring-boot-starter-test\2.4.5\spring-boot-starter-test-2.4.5.jar;E:\Maven\resp\org\springframework\boot\spring-boot-test\2.4.5\spring-boot-test-2.4.5.jar;E:\Maven\resp\org\springframework\boot\spring-boot-test-autoconfigure\2.4.5\spring-boot-test-autoconfigure-2.4.5.jar;E:\Maven\resp\com\jayway\jsonpath\json-path\2.4.0\json-path-2.4.0.jar;E:\Maven\resp\net\minidev\json-smart\2.3\json-smart-2.3.jar;E:\Maven\resp\net\minidev\accessors-smart\1.2\accessors-smart-1.2.jar;E:\Maven\resp\org\ow2\asm\asm\5.0.4\asm-5.0.4.jar;E:\Maven\resp\org\assertj\assertj-core\3.18.1\assertj-core-3.18.1.jar;E:\Maven\resp\org\hamcrest\hamcrest\2.2\hamcrest-2.2.jar;E:\Maven\resp\org\junit\jupiter\junit-jupiter\5.7.1\junit-jupiter-5.7.1.jar;E:\Maven\resp\org\junit\jupiter\junit-jupiter-api\5.7.1\junit-jupiter-api-5.7.1.jar;E:\Maven\resp\org\apiguardian\apiguardian-api\1.1.0\apiguardian-api-1.1.0.jar;E:\Maven\resp\org\opentest4j\opentest4j\1.2.0\opentest4j-1.2.0.jar;E:\Maven\resp\org\junit\platform\junit-platform-commons\1.7.1\junit-platform-commons-1.7.1.jar;E:\Maven\resp\org\junit\jupiter\junit-jupiter-params\5.7.1\junit-jupiter-params-5.7.1.jar;E:\Maven\resp\org\junit\jupiter\junit-jupiter-engine\5.7.1\junit-jupiter-engine-5.7.1.jar;E:\Maven\resp\org\junit\platform\junit-platform-engine\1.7.1\junit-platform-engine-1.7.1.jar;E:\Maven\resp\org\mockito\mockito-core\3.6.28\mockito-core-3.6.28.jar;E:\Maven\resp\net\bytebuddy\byte-buddy\1.10.22\byte-buddy-1.10.22.jar;E:\Maven\resp\net\bytebuddy\byte-buddy-agent\1.10.22\byte-buddy-agent-1.10.22.jar;E:\Maven\resp\org\objenesis\objenesis\3.1\objenesis-3.1.jar;E:\Maven\resp\org\mockito\mockito-junit-jupiter\3.6.28\mockito-junit-jupiter-3.6.28.jar;E:\Maven\resp\org\skyscreamer\jsonassert\1.5.0\jsonassert-1.5.0.jar;E:\Maven\resp\com\vaadin\external\google\android-json\0.0.20131108.vaadin1\android-json-0.0.20131108.vaadin1.jar;E:\Maven\resp\org\springframework\spring-test\5.3.6\spring-test-5.3.6.jar;E:\Maven\resp\org\xmlunit\xmlunit-core\2.7.0\xmlunit-core-2.7.0.jar;E:\Maven\resp\jakarta\xml\bind\jakarta.xml.bind-api\2.3.3\jakarta.xml.bind-api-2.3.3.jar;E:\Maven\resp\jakarta\activation\jakarta.activation-api\1.2.2\jakarta.activation-api-1.2.2.jar;"/>
    <property name="sun.cpu.endian" value="little"/>
    <property name="user.home" value="C:\Users\zhouwei"/>
    <property name="user.language" value="zh"/>
    <property name="java.specification.vendor" value="Oracle Corporation"/>
    <property name="java.version.date" value="2020-11-04"/>
    <property name="java.home" value="E:\Program Files\AdoptOpenJDK\jdk-11.0.9.101-hotspot"/>
    <property name="file.separator" value="\"/>
    <property name="basedir" value="F:\java\test"/>
    <property name="java.vm.compressedOopsMode" value="Zero based"/>
    <property name="line.separator" value="&#10;"/>
    <property name="java.specification.name" value="Java Platform API Specification"/>
    <property name="java.vm.specification.vendor" value="Oracle Corporation"/>
    <property name="java.awt.graphicsenv" value="sun.awt.Win32GraphicsEnvironment"/>
    <property name="surefire.real.class.path" value="C:\Users\zhouwei\AppData\Local\Temp\surefire3660470391888849407\surefirebooter2624248791627233654.jar"/>
    <property name="user.script" value=""/>
    <property name="sun.management.compiler" value="HotSpot 64-Bit Tiered Compilers"/>
    <property name="java.runtime.version" value="11.0.9.1+1"/>
    <property name="user.name" value="zhouwei"/>
    <property name="path.separator" value=";"/>
    <property name="os.version" value="10.0"/>
    <property name="java.runtime.name" value="OpenJDK Runtime Environment"/>
    <property name="file.encoding" value="GBK"/>
    <property name="java.vm.name" value="OpenJDK 64-Bit Server VM"/>
    <property name="idea.version2020.1" value="true"/>
    <property name="java.vendor.version" value="AdoptOpenJDK"/>
    <property name="localRepository" value="E:\Maven\resp"/>
    <property name="java.vendor.url.bug" value="https://github.com/AdoptOpenJDK/openjdk-support/issues"/>
    <property name="java.io.tmpdir" value="C:\Users\zhouwei\AppData\Local\Temp\"/>
    <property name="java.version" value="11.0.9.1"/>
    <property name="user.dir" value="F:\java\test"/>
    <property name="os.arch" value="amd64"/>
    <property name="java.vm.specification.name" value="Java Virtual Machine Specification"/>
    <property name="java.awt.printerjob" value="sun.awt.windows.WPrinterJob"/>
    <property name="sun.os.patch.level" value=""/>
    <property name="java.library.path" value="E:\Program Files\AdoptOpenJDK\jdk-11.0.9.101-hotspot\bin;C:\WINDOWS\Sun\Java\bin;C:\WINDOWS\system32;C:\WINDOWS;C:\Program Files (x86)\Common Files\Oracle\Java\javapath;C:\Program Files (x86)\VMware\VMware Workstation\bin\;E:\Program Files\AdoptOpenJDK\jdk-11.0.9.101-hotspot\bin;C:\ProgramData\Oracle\Java\javapath;C:\WINDOWS\system32;C:\WINDOWS;C:\WINDOWS\System32\Wbem;C:\WINDOWS\System32\WindowsPowerShell\v1.0\;C:\WINDOWS\System32\OpenSSH\;E:\software\jdk1.8\bin;E:\software\jdk1.8\jre\bin;C:\Program Files\Microsoft SQL Server\110\DTS\Binn\;F:\Program Files (x86)\Microsoft SQL Server\110\Tools\Binn\;C:\Program Files\Microsoft SQL Server\110\Tools\Binn\;F:\Program Files (x86)\Microsoft SQL Server\110\Tools\Binn\ManagementStudio\;C:\Program Files (x86)\Microsoft Visual Studio 10.0\Common7\IDE\PrivateAssemblies\;F:\Program Files (x86)\Microsoft SQL Server\110\DTS\Binn\;E:\software\SVN\bin;C:\Program Files\Microsoft\Web Platform Installer\;C:\Program Files (x86)\Microsoft ASP.NET\ASP.NET Web Pages\v1.0\;C:\Program Files (x86)\Windows Kits\8.0\Windows Performance Toolkit\;C:\Program Files\nodejs\;E:\software\erl23.0\erl-23.0\bin;E:\software\rabbitmq_server-3.8.4\sbin;E:\software\xftp\;E:\software\xShell\;C:\Program Files\MySQL\MySQL Shell 8.0\bin\;C:\Users\zhouwei\AppData\Local\Microsoft\WindowsApps;;E:\software\vscode\Microsoft VS Code\bin;C:\Users\zhouwei\AppData\Roaming\npm;."/>
    <property name="java.vm.info" value="mixed mode"/>
    <property name="java.vendor" value="AdoptOpenJDK"/>
    <property name="java.vm.version" value="11.0.9.1+1"/>
    <property name="sun.io.unicode.encoding" value="UnicodeLittle"/>
    <property name="java.class.version" value="55.0"/>
  </properties>
  <testcase name="contextLoads" classname="com.example.demo.DemoApplicationTests" time="0.545"/>
</testsuite>